<?xml version="1.0" encoding="UTF-8"?>
<coverage generated="1644138061673" clover="3.2.0">
  <project timestamp="1644138061673" name="All files">
    <metrics statements="10" coveredstatements="9" conditionals="0" coveredconditionals="0" methods="4"
             coveredmethods="3" elements="12" coveredelements="11" complexity="0" loc="8" ncloc="8" packages="1"
             files="1" classes="1"/>
    <file name="index.ts" path="\home\index.ts">
      <metrics statements="8" coveredstatements="8" conditionals="0" coveredconditionals="0" methods="3"
               coveredmethods="3"/>
      <line num="4" count="1" type="stmt"/>
      <line num="8" count="1" type="stmt"/>
      <line num="9" count="1" type="stmt"/>
      <line num="13" count="1" type="stmt"/>
      <line num="14" count="1" type="stmt"/>
      <line num="18" count="1" type="stmt"/>
      <line num="19" count="1" type="stmt"/>
      <line num="23" count="1" type="stmt"/>
    </file>
  </project>
</coverage>
