<?xml version="1.0" encoding="UTF-8"?>
<coverage generated="1573565074824" clover="3.2.0">
  <project timestamp="1573565074824" name="All files">
    <metrics statements="34" coveredstatements="24" conditionals="20" coveredconditionals="11" methods="12"
             coveredmethods="10" elements="66" coveredelements="45" complexity="0" loc="34" ncloc="34" packages="1"
             files="1" classes="1"/>
    <file name="main.js" path="./src/main.js">
      <metrics statements="34" coveredstatements="24" conditionals="20" coveredconditionals="11" methods="12"
               coveredmethods="10"/>
      <line num="1" count="1" type="stmt"/>
      <line num="2" count="1" type="stmt"/>
      <line num="4" count="2" type="stmt"/>
      <line num="6" count="2" type="stmt"/>
      <line num="7" count="2" type="cond" truecount="1" falsecount="1"/>
      <line num="8" count="2" type="stmt"/>
      <line num="10" count="0" type="stmt"/>
      <line num="16" count="1" type="stmt"/>
      <line num="19" count="2" type="stmt"/>
      <line num="23" count="0" type="cond" truecount="0" falsecount="2"/>
      <line num="29" count="3" type="stmt"/>
      <line num="31" count="3" type="cond" truecount="2" falsecount="0"/>
      <line num="32" count="1" type="stmt"/>
      <line num="35" count="2" type="cond" truecount="2" falsecount="0"/>
      <line num="36" count="1" type="stmt"/>
      <line num="39" count="1" type="stmt"/>
      <line num="43" count="0" type="stmt"/>
      <line num="44" count="0" type="stmt"/>
      <line num="63" count="0" type="stmt"/>
      <line num="64" count="0" type="stmt"/>
      <line num="65" count="0" type="stmt"/>
      <line num="66" count="0" type="stmt"/>
      <line num="68" count="0" type="stmt"/>
      <line num="70" count="0" type="stmt"/>
      <line num="74" count="2" type="stmt"/>
      <line num="78" count="3" type="cond" truecount="2" falsecount="0"/>
      <line num="84" count="2" type="stmt"/>
      <line num="88" count="1" type="stmt"/>
      <line num="103" count="3" type="cond" truecount="2" falsecount="0"/>
      <line num="104" count="1" type="stmt"/>
      <line num="112" count="2" type="cond" truecount="2" falsecount="0"/>
      <line num="113" count="1" type="stmt"/>
      <line num="121" count="1" type="stmt"/>
      <line num="129" count="1" type="stmt"/>
    </file>
  </project>
</coverage>
